(---------------------------------------------------------------------)
(                                                                     )
(    ARTWORK LOG                                                      )
(                                                                     )
(    Drawing          : PROIECT-PCB-v2.brd                            )
(    Software Version : 17.2S025                                      )
(    Date/Time        : Sun Dec 25 16:24:11 2022                      )
(                                                                     )
(---------------------------------------------------------------------)


 ---- Photoplot outline rectangle not found; using drawing extents.



Results from parameter file ...
    DEVICE-TYPE           GERBER_RS274X
    OUTPUT-UNITS          INCHES
    FILM-SIZE             2400000 1600000
    FORMAT                2.5
    ABORT-ON-ERROR        NO
    SCALE                 1
    SUPPRESS-LEAD-ZEROES  YES
    SUPPRESS-TRAIL-ZEROES NO
    SUPPRESS-EQUAL        YES
    UNDEF-APT-CONT        NO



================================================================
     PROCESSING FILM < TOP >
     TO FILE < C:/Users/stefa/Desktop/PROIECT1/proiect-pcb/allegro/TOP.art > ...
================================================================

  FILM PARAMETERS :
  ---------------------------------------------------------
  Undefined line width                10.00
  Mirror code                         NONE
  Rotate angle                        NONE
  Offset x:                           0.00
  Offset y:                           0.00
  Plot negative                       NO
  Suppress unconnected internal pads  NO
  Draw holes only                     NO



  APERTURES USED:
  ---------------------------------------------------------
  TYPE       SIZE/NAME                   ROT   MIRROR MODE 
  ---------------------------------------------------------
  CIRCLE     0.01800                                  DARK 
  CIRCLE     0.02200                                  DARK 
  CIRCLE     0.02400                                  DARK 
  CIRCLE     0.02500                                  DARK 
  CIRCLE     0.02800                                  DARK 
  CIRCLE     0.04000                                  DARK 
  SQUARE     0.05118                     0.000 NO     DARK 
  RECTANGLE  0.04331     x 0.03740       0.000 NO     DARK 
  RECTANGLE  0.04331     x 0.03740      90.000 NO     DARK 
  RECTANGLE  0.05000     x 0.03600       0.000 NO     DARK 
  RECTANGLE  0.05000     x 0.03600      90.000 NO     DARK 
  RECTANGLE  0.05118     x 0.07874      90.000 NO     DARK 
  RECTANGLE  0.05709     x 0.03740       0.000 NO     DARK 
  RECTANGLE  0.05709     x 0.03740      90.000 NO     DARK 
  RECTANGLE  0.06000     x 0.10000       0.000 NO     DARK 
  RECTANGLE  0.06000     x 0.10000      90.000 NO     DARK 
  RECTANGLE  0.07000     x 0.23000       0.000 NO     DARK 
  RECTANGLE  0.12008     x 0.07087      90.000 NO     DARK 
  RECTANGLE  0.13583     x 0.06496      90.000 NO     DARK 
  RECTANGLE  0.23500     x 0.24000       0.000 NO     DARK 

     TOP created.


------------------------------------------------------
 SUMMARY:
        TOP created.

 ARTWORK finished
